0 info it worked if it ends with ok
1 verbose cli [ '/Users/jj/.nvm/versions/node/v5.0.0/bin/node',
1 verbose cli   '/Users/jj/.nvm/versions/node/v5.0.0/bin/npm',
1 verbose cli   'run',
1 verbose cli   'lint' ]
2 info using npm@3.5.3
3 info using node@v5.0.0
4 verbose run-script [ 'prelint', 'lint', 'postlint' ]
5 info lifecycle ionic2-angular2-and-typescript-boilerplate@~prelint: ionic2-angular2-and-typescript-boilerplate@
6 silly lifecycle ionic2-angular2-and-typescript-boilerplate@~prelint: no script for prelint, continuing
7 info lifecycle ionic2-angular2-and-typescript-boilerplate@~lint: ionic2-angular2-and-typescript-boilerplate@
8 verbose lifecycle ionic2-angular2-and-typescript-boilerplate@~lint: unsafe-perm in lifecycle true
9 verbose lifecycle ionic2-angular2-and-typescript-boilerplate@~lint: PATH: /Users/jj/.nvm/versions/node/v5.0.0/lib/node_modules/npm/bin/node-gyp-bin:/Users/jj/p/boiler/node_modules/.bin:/Users/jj/.nvm/versions/node/v5.0.0/bin:/usr/local/bin:/usr/bin:/bin:/usr/sbin:/sbin
10 verbose lifecycle ionic2-angular2-and-typescript-boilerplate@~lint: CWD: /Users/jj/p/boiler
11 silly lifecycle ionic2-angular2-and-typescript-boilerplate@~lint: Args: [ '-c',
11 silly lifecycle   'tslint -s tslint/formatters -t color --config tslint.json \'app/**/*.ts\'' ]
12 silly lifecycle ionic2-angular2-and-typescript-boilerplate@~lint: Returned: code: 2  signal: null
13 info lifecycle ionic2-angular2-and-typescript-boilerplate@~lint: Failed to exec lint script
14 verbose stack Error: ionic2-angular2-and-typescript-boilerplate@ lint: `tslint -s tslint/formatters -t color --config tslint.json 'app/**/*.ts'`
14 verbose stack Exit status 2
14 verbose stack     at EventEmitter.<anonymous> (/Users/jj/.nvm/versions/node/v5.0.0/lib/node_modules/npm/lib/utils/lifecycle.js:232:16)
14 verbose stack     at emitTwo (events.js:87:13)
14 verbose stack     at EventEmitter.emit (events.js:172:7)
14 verbose stack     at ChildProcess.<anonymous> (/Users/jj/.nvm/versions/node/v5.0.0/lib/node_modules/npm/lib/utils/spawn.js:24:14)
14 verbose stack     at emitTwo (events.js:87:13)
14 verbose stack     at ChildProcess.emit (events.js:172:7)
14 verbose stack     at maybeClose (internal/child_process.js:818:16)
14 verbose stack     at Process.ChildProcess._handle.onexit (internal/child_process.js:211:5)
15 verbose pkgid ionic2-angular2-and-typescript-boilerplate@
16 verbose cwd /Users/jj/p/boiler
17 error Darwin 15.3.0
18 error argv "/Users/jj/.nvm/versions/node/v5.0.0/bin/node" "/Users/jj/.nvm/versions/node/v5.0.0/bin/npm" "run" "lint"
19 error node v5.0.0
20 error npm  v3.5.3
21 error code ELIFECYCLE
22 error ionic2-angular2-and-typescript-boilerplate@ lint: `tslint -s tslint/formatters -t color --config tslint.json 'app/**/*.ts'`
22 error Exit status 2
23 error Failed at the ionic2-angular2-and-typescript-boilerplate@ lint script 'tslint -s tslint/formatters -t color --config tslint.json 'app/**/*.ts''.
23 error Make sure you have the latest version of node.js and npm installed.
23 error If you do, this is most likely a problem with the ionic2-angular2-and-typescript-boilerplate package,
23 error not with npm itself.
23 error Tell the author that this fails on your system:
23 error     tslint -s tslint/formatters -t color --config tslint.json 'app/**/*.ts'
23 error You can get information on how to open an issue for this project with:
23 error     npm bugs ionic2-angular2-and-typescript-boilerplate
23 error Or if that isn't available, you can get their info via:
23 error     npm owner ls ionic2-angular2-and-typescript-boilerplate
23 error There is likely additional logging output above.
24 verbose exit [ 1, true ]
