0 info it worked if it ends with ok
1 verbose cli [ '/Users/jj/.nvm/versions/node/v5.0.0/bin/node',
1 verbose cli   '/Users/jj/.nvm/versions/node/v5.0.0/bin/npm',
1 verbose cli   'run',
1 verbose cli   'lint' ]
2 info using npm@3.3.6
3 info using node@v5.0.0
4 verbose run-script [ 'prelint', 'lint', 'postlint' ]
5 info lifecycle boilerplate@~prelint: boilerplate@
6 silly lifecycle boilerplate@~prelint: no script for prelint, continuing
7 info lifecycle boilerplate@~lint: boilerplate@
8 verbose lifecycle boilerplate@~lint: unsafe-perm in lifecycle true
9 verbose lifecycle boilerplate@~lint: PATH: /Users/jj/.nvm/versions/node/v5.0.0/lib/node_modules/npm/bin/node-gyp-bin:/Users/jj/p/hygglo-mobile-app/node_modules/.bin:/Users/jj/.nvm/versions/node/v5.0.0/bin:/usr/local/bin:/usr/bin:/bin:/usr/sbin:/sbin
10 verbose lifecycle boilerplate@~lint: CWD: /Users/jj/p/hygglo-mobile-app
11 silly lifecycle boilerplate@~lint: Args: [ '-c',
11 silly lifecycle   'tslint -s tslint/formatters -t color --config tslint.json app/{pages,services}/**/*.ts' ]
12 silly lifecycle boilerplate@~lint: Returned: code: 2  signal: null
13 info lifecycle boilerplate@~lint: Failed to exec lint script
14 verbose stack Error: boilerplate@ lint: `tslint -s tslint/formatters -t color --config tslint.json app/{pages,services}/**/*.ts`
14 verbose stack Exit status 2
14 verbose stack     at EventEmitter.<anonymous> (/Users/jj/.nvm/versions/node/v5.0.0/lib/node_modules/npm/lib/utils/lifecycle.js:233:16)
14 verbose stack     at emitTwo (events.js:87:13)
14 verbose stack     at EventEmitter.emit (events.js:172:7)
14 verbose stack     at ChildProcess.<anonymous> (/Users/jj/.nvm/versions/node/v5.0.0/lib/node_modules/npm/lib/utils/spawn.js:24:14)
14 verbose stack     at emitTwo (events.js:87:13)
14 verbose stack     at ChildProcess.emit (events.js:172:7)
14 verbose stack     at maybeClose (internal/child_process.js:818:16)
14 verbose stack     at Process.ChildProcess._handle.onexit (internal/child_process.js:211:5)
15 verbose pkgid boilerplate@
16 verbose cwd /Users/jj/p/hygglo-mobile-app/tslint
17 error Darwin 15.2.0
18 error argv "/Users/jj/.nvm/versions/node/v5.0.0/bin/node" "/Users/jj/.nvm/versions/node/v5.0.0/bin/npm" "run" "lint"
19 error node v5.0.0
20 error npm  v3.3.6
21 error code ELIFECYCLE
22 error boilerplate@ lint: `tslint -s tslint/formatters -t color --config tslint.json app/{pages,services}/**/*.ts`
22 error Exit status 2
23 error Failed at the boilerplate@ lint script 'tslint -s tslint/formatters -t color --config tslint.json app/{pages,services}/**/*.ts'.
23 error This is most likely a problem with the boilerplate package,
23 error not with npm itself.
23 error Tell the author that this fails on your system:
23 error     tslint -s tslint/formatters -t color --config tslint.json app/{pages,services}/**/*.ts
23 error You can get their info via:
23 error     npm owner ls boilerplate
23 error There is likely additional logging output above.
24 verbose exit [ 1, true ]
